  main.cpp
C:\Users\User\Downloads\GraphicsProjects\FootBall game\Football Game\sphere.h(177,26): warning C4244: 'initializing': conversion from 'double' to 'float', possible loss of data
C:\Users\User\Downloads\GraphicsProjects\FootBall game\Football Game\sphere.h(178,25): warning C4244: 'initializing': conversion from 'double' to 'float', possible loss of data
C:\Users\User\Downloads\GraphicsProjects\FootBall game\Football Game\sphere.h(180,26): warning C4244: 'initializing': conversion from 'double' to 'float', possible loss of data
C:\Users\User\Downloads\GraphicsProjects\FootBall game\Football Game\cylinder.h(149,24): warning C4101: 'normalX': unreferenced local variable
C:\Users\User\Downloads\GraphicsProjects\FootBall game\Football Game\cylinder.h(149,33): warning C4101: 'normalY': unreferenced local variable
C:\Users\User\Downloads\GraphicsProjects\FootBall game\Football Game\cylinder.h(149,18): warning C4101: 'y': unreferenced local variable
C:\Users\User\Downloads\GraphicsProjects\FootBall game\Football Game\cylinder.h(149,42): warning C4101: 'normalZ': unreferenced local variable
C:\Users\User\Downloads\GraphicsProjects\FootBall game\Football Game\main.cpp(357,19): warning C4305: 'argument': truncation from 'double' to 'float'
C:\Users\User\Downloads\GraphicsProjects\FootBall game\Football Game\main.cpp(461,27): warning C4244: '+=': conversion from 'double' to 'float', possible loss of data
C:\Users\User\Downloads\GraphicsProjects\FootBall game\Football Game\main.cpp(463,27): warning C4244: '+=': conversion from 'double' to 'float', possible loss of data
C:\Users\User\Downloads\GraphicsProjects\FootBall game\Football Game\main.cpp(465,27): warning C4244: '+=': conversion from 'double' to 'float', possible loss of data
C:\Users\User\Downloads\GraphicsProjects\FootBall game\Football Game\main.cpp(497,68): warning C4305: 'argument': truncation from 'double' to 'float'
C:\Users\User\Downloads\GraphicsProjects\FootBall game\Football Game\main.cpp(497,63): warning C4305: 'argument': truncation from 'double' to 'float'
C:\Users\User\Downloads\GraphicsProjects\FootBall game\Football Game\main.cpp(497,58): warning C4305: 'argument': truncation from 'double' to 'float'
C:\Users\User\Downloads\GraphicsProjects\FootBall game\Football Game\main.cpp(1072,22): warning C4305: 'initializing': truncation from 'double' to 'float'
C:\Users\User\Downloads\GraphicsProjects\FootBall game\Football Game\main.cpp(1082,56): warning C4305: 'argument': truncation from 'double' to 'float'
C:\Users\User\Downloads\GraphicsProjects\FootBall game\Football Game\main.cpp(1082,51): warning C4305: 'argument': truncation from 'double' to 'float'
C:\Users\User\Downloads\GraphicsProjects\FootBall game\Football Game\main.cpp(1082,46): warning C4305: 'argument': truncation from 'double' to 'float'
C:\Users\User\Downloads\GraphicsProjects\FootBall game\Football Game\main.cpp(1088,56): warning C4305: 'argument': truncation from 'double' to 'float'
C:\Users\User\Downloads\GraphicsProjects\FootBall game\Football Game\main.cpp(1088,51): warning C4305: 'argument': truncation from 'double' to 'float'
C:\Users\User\Downloads\GraphicsProjects\FootBall game\Football Game\main.cpp(1088,46): warning C4305: 'argument': truncation from 'double' to 'float'
C:\Users\User\Downloads\GraphicsProjects\FootBall game\Football Game\main.cpp(1093,56): warning C4305: 'argument': truncation from 'double' to 'float'
C:\Users\User\Downloads\GraphicsProjects\FootBall game\Football Game\main.cpp(1093,51): warning C4305: 'argument': truncation from 'double' to 'float'
C:\Users\User\Downloads\GraphicsProjects\FootBall game\Football Game\main.cpp(1093,46): warning C4305: 'argument': truncation from 'double' to 'float'
C:\Users\User\Downloads\GraphicsProjects\FootBall game\Football Game\main.cpp(1098,56): warning C4305: 'argument': truncation from 'double' to 'float'
C:\Users\User\Downloads\GraphicsProjects\FootBall game\Football Game\main.cpp(1098,51): warning C4305: 'argument': truncation from 'double' to 'float'
C:\Users\User\Downloads\GraphicsProjects\FootBall game\Football Game\main.cpp(1098,46): warning C4305: 'argument': truncation from 'double' to 'float'
C:\Users\User\Downloads\GraphicsProjects\FootBall game\Football Game\main.cpp(1103,56): warning C4305: 'argument': truncation from 'double' to 'float'
C:\Users\User\Downloads\GraphicsProjects\FootBall game\Football Game\main.cpp(1103,51): warning C4305: 'argument': truncation from 'double' to 'float'
C:\Users\User\Downloads\GraphicsProjects\FootBall game\Football Game\main.cpp(1103,46): warning C4305: 'argument': truncation from 'double' to 'float'
C:\Users\User\Downloads\GraphicsProjects\FootBall game\Football Game\main.cpp(1108,56): warning C4305: 'argument': truncation from 'double' to 'float'
C:\Users\User\Downloads\GraphicsProjects\FootBall game\Football Game\main.cpp(1108,51): warning C4305: 'argument': truncation from 'double' to 'float'
C:\Users\User\Downloads\GraphicsProjects\FootBall game\Football Game\main.cpp(1108,46): warning C4305: 'argument': truncation from 'double' to 'float'
C:\Users\User\Downloads\GraphicsProjects\FootBall game\Football Game\main.cpp(1114,56): warning C4305: 'argument': truncation from 'double' to 'float'
C:\Users\User\Downloads\GraphicsProjects\FootBall game\Football Game\main.cpp(1114,51): warning C4305: 'argument': truncation from 'double' to 'float'
C:\Users\User\Downloads\GraphicsProjects\FootBall game\Football Game\main.cpp(1114,46): warning C4305: 'argument': truncation from 'double' to 'float'
C:\Users\User\Downloads\GraphicsProjects\FootBall game\Football Game\main.cpp(1134,56): warning C4305: 'argument': truncation from 'double' to 'float'
C:\Users\User\Downloads\GraphicsProjects\FootBall game\Football Game\main.cpp(1134,51): warning C4305: 'argument': truncation from 'double' to 'float'
C:\Users\User\Downloads\GraphicsProjects\FootBall game\Football Game\main.cpp(1134,46): warning C4305: 'argument': truncation from 'double' to 'float'
C:\Users\User\Downloads\GraphicsProjects\FootBall game\Football Game\main.cpp(1139,56): warning C4305: 'argument': truncation from 'double' to 'float'
C:\Users\User\Downloads\GraphicsProjects\FootBall game\Football Game\main.cpp(1139,51): warning C4305: 'argument': truncation from 'double' to 'float'
C:\Users\User\Downloads\GraphicsProjects\FootBall game\Football Game\main.cpp(1139,46): warning C4305: 'argument': truncation from 'double' to 'float'
C:\Users\User\Downloads\GraphicsProjects\FootBall game\Football Game\main.cpp(1144,56): warning C4305: 'argument': truncation from 'double' to 'float'
C:\Users\User\Downloads\GraphicsProjects\FootBall game\Football Game\main.cpp(1144,51): warning C4305: 'argument': truncation from 'double' to 'float'
C:\Users\User\Downloads\GraphicsProjects\FootBall game\Football Game\main.cpp(1144,46): warning C4305: 'argument': truncation from 'double' to 'float'
C:\Users\User\Downloads\GraphicsProjects\FootBall game\Football Game\main.cpp(1149,56): warning C4305: 'argument': truncation from 'double' to 'float'
C:\Users\User\Downloads\GraphicsProjects\FootBall game\Football Game\main.cpp(1149,51): warning C4305: 'argument': truncation from 'double' to 'float'
C:\Users\User\Downloads\GraphicsProjects\FootBall game\Football Game\main.cpp(1149,46): warning C4305: 'argument': truncation from 'double' to 'float'
C:\Users\User\Downloads\GraphicsProjects\FootBall game\Football Game\main.cpp(1156,56): warning C4305: 'argument': truncation from 'double' to 'float'
C:\Users\User\Downloads\GraphicsProjects\FootBall game\Football Game\main.cpp(1156,51): warning C4305: 'argument': truncation from 'double' to 'float'
C:\Users\User\Downloads\GraphicsProjects\FootBall game\Football Game\main.cpp(1156,46): warning C4305: 'argument': truncation from 'double' to 'float'
C:\Users\User\Downloads\GraphicsProjects\FootBall game\Football Game\main.cpp(1161,56): warning C4305: 'argument': truncation from 'double' to 'float'
C:\Users\User\Downloads\GraphicsProjects\FootBall game\Football Game\main.cpp(1161,51): warning C4305: 'argument': truncation from 'double' to 'float'
C:\Users\User\Downloads\GraphicsProjects\FootBall game\Football Game\main.cpp(1161,46): warning C4305: 'argument': truncation from 'double' to 'float'
C:\Users\User\Downloads\GraphicsProjects\FootBall game\Football Game\main.cpp(1166,56): warning C4305: 'argument': truncation from 'double' to 'float'
C:\Users\User\Downloads\GraphicsProjects\FootBall game\Football Game\main.cpp(1166,51): warning C4305: 'argument': truncation from 'double' to 'float'
C:\Users\User\Downloads\GraphicsProjects\FootBall game\Football Game\main.cpp(1166,46): warning C4305: 'argument': truncation from 'double' to 'float'
C:\Users\User\Downloads\GraphicsProjects\FootBall game\Football Game\main.cpp(1171,56): warning C4305: 'argument': truncation from 'double' to 'float'
C:\Users\User\Downloads\GraphicsProjects\FootBall game\Football Game\main.cpp(1171,51): warning C4305: 'argument': truncation from 'double' to 'float'
C:\Users\User\Downloads\GraphicsProjects\FootBall game\Football Game\main.cpp(1171,46): warning C4305: 'argument': truncation from 'double' to 'float'
C:\Users\User\Downloads\GraphicsProjects\FootBall game\Football Game\main.cpp(1178,56): warning C4305: 'argument': truncation from 'double' to 'float'
C:\Users\User\Downloads\GraphicsProjects\FootBall game\Football Game\main.cpp(1178,51): warning C4305: 'argument': truncation from 'double' to 'float'
C:\Users\User\Downloads\GraphicsProjects\FootBall game\Football Game\main.cpp(1178,46): warning C4305: 'argument': truncation from 'double' to 'float'
C:\Users\User\Downloads\GraphicsProjects\FootBall game\Football Game\main.cpp(1183,56): warning C4305: 'argument': truncation from 'double' to 'float'
C:\Users\User\Downloads\GraphicsProjects\FootBall game\Football Game\main.cpp(1183,51): warning C4305: 'argument': truncation from 'double' to 'float'
C:\Users\User\Downloads\GraphicsProjects\FootBall game\Football Game\main.cpp(1183,46): warning C4305: 'argument': truncation from 'double' to 'float'
C:\Users\User\Downloads\GraphicsProjects\FootBall game\Football Game\main.cpp(1188,56): warning C4305: 'argument': truncation from 'double' to 'float'
C:\Users\User\Downloads\GraphicsProjects\FootBall game\Football Game\main.cpp(1188,51): warning C4305: 'argument': truncation from 'double' to 'float'
C:\Users\User\Downloads\GraphicsProjects\FootBall game\Football Game\main.cpp(1188,46): warning C4305: 'argument': truncation from 'double' to 'float'
C:\Users\User\Downloads\GraphicsProjects\FootBall game\Football Game\main.cpp(1193,56): warning C4305: 'argument': truncation from 'double' to 'float'
C:\Users\User\Downloads\GraphicsProjects\FootBall game\Football Game\main.cpp(1193,51): warning C4305: 'argument': truncation from 'double' to 'float'
C:\Users\User\Downloads\GraphicsProjects\FootBall game\Football Game\main.cpp(1193,46): warning C4305: 'argument': truncation from 'double' to 'float'
C:\Users\User\Downloads\GraphicsProjects\FootBall game\Football Game\main.cpp(1199,56): warning C4305: 'argument': truncation from 'double' to 'float'
C:\Users\User\Downloads\GraphicsProjects\FootBall game\Football Game\main.cpp(1199,51): warning C4305: 'argument': truncation from 'double' to 'float'
C:\Users\User\Downloads\GraphicsProjects\FootBall game\Football Game\main.cpp(1199,46): warning C4305: 'argument': truncation from 'double' to 'float'
C:\Users\User\Downloads\GraphicsProjects\FootBall game\Football Game\main.cpp(1204,56): warning C4305: 'argument': truncation from 'double' to 'float'
C:\Users\User\Downloads\GraphicsProjects\FootBall game\Football Game\main.cpp(1204,51): warning C4305: 'argument': truncation from 'double' to 'float'
C:\Users\User\Downloads\GraphicsProjects\FootBall game\Football Game\main.cpp(1204,46): warning C4305: 'argument': truncation from 'double' to 'float'
C:\Users\User\Downloads\GraphicsProjects\FootBall game\Football Game\main.cpp(1209,56): warning C4305: 'argument': truncation from 'double' to 'float'
C:\Users\User\Downloads\GraphicsProjects\FootBall game\Football Game\main.cpp(1209,51): warning C4305: 'argument': truncation from 'double' to 'float'
C:\Users\User\Downloads\GraphicsProjects\FootBall game\Football Game\main.cpp(1209,46): warning C4305: 'argument': truncation from 'double' to 'float'
C:\Users\User\Downloads\GraphicsProjects\FootBall game\Football Game\main.cpp(1214,56): warning C4305: 'argument': truncation from 'double' to 'float'
C:\Users\User\Downloads\GraphicsProjects\FootBall game\Football Game\main.cpp(1214,51): warning C4305: 'argument': truncation from 'double' to 'float'
C:\Users\User\Downloads\GraphicsProjects\FootBall game\Football Game\main.cpp(1214,46): warning C4305: 'argument': truncation from 'double' to 'float'
C:\Users\User\Downloads\GraphicsProjects\FootBall game\Football Game\main.cpp(1219,56): warning C4305: 'argument': truncation from 'double' to 'float'
C:\Users\User\Downloads\GraphicsProjects\FootBall game\Football Game\main.cpp(1219,51): warning C4305: 'argument': truncation from 'double' to 'float'
C:\Users\User\Downloads\GraphicsProjects\FootBall game\Football Game\main.cpp(1219,46): warning C4305: 'argument': truncation from 'double' to 'float'
C:\Users\User\Downloads\GraphicsProjects\FootBall game\Football Game\main.cpp(1224,56): warning C4305: 'argument': truncation from 'double' to 'float'
C:\Users\User\Downloads\GraphicsProjects\FootBall game\Football Game\main.cpp(1224,51): warning C4305: 'argument': truncation from 'double' to 'float'
C:\Users\User\Downloads\GraphicsProjects\FootBall game\Football Game\main.cpp(1224,46): warning C4305: 'argument': truncation from 'double' to 'float'
C:\Users\User\Downloads\GraphicsProjects\FootBall game\Football Game\main.cpp(1230,56): warning C4305: 'argument': truncation from 'double' to 'float'
C:\Users\User\Downloads\GraphicsProjects\FootBall game\Football Game\main.cpp(1230,51): warning C4305: 'argument': truncation from 'double' to 'float'
C:\Users\User\Downloads\GraphicsProjects\FootBall game\Football Game\main.cpp(1230,46): warning C4305: 'argument': truncation from 'double' to 'float'
C:\Users\User\Downloads\GraphicsProjects\FootBall game\Football Game\main.cpp(1076,32): warning C4101: 'rotateXMatrix': unreferenced local variable
C:\Users\User\Downloads\GraphicsProjects\FootBall game\Football Game\main.cpp(1076,62): warning C4101: 'rotateZMatrix': unreferenced local variable
C:\Users\User\Downloads\GraphicsProjects\FootBall game\Football Game\main.cpp(1270,46): warning C4244: 'argument': conversion from 'double' to 'float', possible loss of data
  stb_image.cpp
  Generating Code...
glfw3.lib(init.obj) : warning LNK4099: PDB '' was not found with 'glfw3.lib(init.obj)' or at ''; linking object as if no debug info
glfw3.lib(window.obj) : warning LNK4099: PDB '' was not found with 'glfw3.lib(window.obj)' or at ''; linking object as if no debug info
glfw3.lib(input.obj) : warning LNK4099: PDB '' was not found with 'glfw3.lib(input.obj)' or at ''; linking object as if no debug info
glfw3.lib(context.obj) : warning LNK4099: PDB '' was not found with 'glfw3.lib(context.obj)' or at ''; linking object as if no debug info
glfw3.lib(win32_init.obj) : warning LNK4099: PDB '' was not found with 'glfw3.lib(win32_init.obj)' or at ''; linking object as if no debug info
glfw3.lib(win32_monitor.obj) : warning LNK4099: PDB '' was not found with 'glfw3.lib(win32_monitor.obj)' or at ''; linking object as if no debug info
glfw3.lib(win32_time.obj) : warning LNK4099: PDB '' was not found with 'glfw3.lib(win32_time.obj)' or at ''; linking object as if no debug info
glfw3.lib(win32_thread.obj) : warning LNK4099: PDB '' was not found with 'glfw3.lib(win32_thread.obj)' or at ''; linking object as if no debug info
glfw3.lib(monitor.obj) : warning LNK4099: PDB '' was not found with 'glfw3.lib(monitor.obj)' or at ''; linking object as if no debug info
glfw3.lib(vulkan.obj) : warning LNK4099: PDB '' was not found with 'glfw3.lib(vulkan.obj)' or at ''; linking object as if no debug info
glfw3.lib(win32_window.obj) : warning LNK4099: PDB '' was not found with 'glfw3.lib(win32_window.obj)' or at ''; linking object as if no debug info
glfw3.lib(win32_joystick.obj) : warning LNK4099: PDB '' was not found with 'glfw3.lib(win32_joystick.obj)' or at ''; linking object as if no debug info
glfw3.lib(wgl_context.obj) : warning LNK4099: PDB '' was not found with 'glfw3.lib(wgl_context.obj)' or at ''; linking object as if no debug info
glfw3.lib(egl_context.obj) : warning LNK4099: PDB '' was not found with 'glfw3.lib(egl_context.obj)' or at ''; linking object as if no debug info
glfw3.lib(osmesa_context.obj) : warning LNK4099: PDB '' was not found with 'glfw3.lib(osmesa_context.obj)' or at ''; linking object as if no debug info
  Project2.vcxproj -> C:\Users\User\Downloads\GraphicsProjects\FootBall game\Football Game\x64\Debug\Project2.exe
