  main.cpp
D:\Football-Game-with-OpenGL-master\Football-Game-with-OpenGL-master\Football Game\sphere.h(146,26): warning C4244: 'initializing': conversion from 'double' to 'float', possible loss of data
  (compiling source file 'main.cpp')
  
D:\Football-Game-with-OpenGL-master\Football-Game-with-OpenGL-master\Football Game\sphere.h(147,25): warning C4244: 'initializing': conversion from 'double' to 'float', possible loss of data
  (compiling source file 'main.cpp')
  
D:\Football-Game-with-OpenGL-master\Football-Game-with-OpenGL-master\Football Game\sphere.h(149,26): warning C4244: 'initializing': conversion from 'double' to 'float', possible loss of data
  (compiling source file 'main.cpp')
  
D:\Football-Game-with-OpenGL-master\Football-Game-with-OpenGL-master\Football Game\cylinder.h(148,24): warning C4101: 'normalX': unreferenced local variable
  (compiling source file 'main.cpp')
  
D:\Football-Game-with-OpenGL-master\Football-Game-with-OpenGL-master\Football Game\cylinder.h(148,33): warning C4101: 'normalY': unreferenced local variable
  (compiling source file 'main.cpp')
  
D:\Football-Game-with-OpenGL-master\Football-Game-with-OpenGL-master\Football Game\cylinder.h(148,18): warning C4101: 'y': unreferenced local variable
  (compiling source file 'main.cpp')
  
D:\Football-Game-with-OpenGL-master\Football-Game-with-OpenGL-master\Football Game\cylinder.h(148,42): warning C4101: 'normalZ': unreferenced local variable
  (compiling source file 'main.cpp')
  
D:\Football-Game-with-OpenGL-master\Football-Game-with-OpenGL-master\Football Game\main.cpp(348,19): warning C4305: 'argument': truncation from 'double' to 'float'
D:\Football-Game-with-OpenGL-master\Football-Game-with-OpenGL-master\Football Game\main.cpp(442,27): warning C4244: '+=': conversion from 'double' to 'float', possible loss of data
D:\Football-Game-with-OpenGL-master\Football-Game-with-OpenGL-master\Football Game\main.cpp(444,27): warning C4244: '+=': conversion from 'double' to 'float', possible loss of data
D:\Football-Game-with-OpenGL-master\Football-Game-with-OpenGL-master\Football Game\main.cpp(446,27): warning C4244: '+=': conversion from 'double' to 'float', possible loss of data
D:\Football-Game-with-OpenGL-master\Football-Game-with-OpenGL-master\Football Game\main.cpp(478,68): warning C4305: 'argument': truncation from 'double' to 'float'
D:\Football-Game-with-OpenGL-master\Football-Game-with-OpenGL-master\Football Game\main.cpp(478,63): warning C4305: 'argument': truncation from 'double' to 'float'
D:\Football-Game-with-OpenGL-master\Football-Game-with-OpenGL-master\Football Game\main.cpp(478,58): warning C4305: 'argument': truncation from 'double' to 'float'
D:\Football-Game-with-OpenGL-master\Football-Game-with-OpenGL-master\Football Game\main.cpp(689,32): warning C4101: 'rotateXMatrix': unreferenced local variable
D:\Football-Game-with-OpenGL-master\Football-Game-with-OpenGL-master\Football Game\main.cpp(689,62): warning C4101: 'rotateZMatrix': unreferenced local variable
D:\Football-Game-with-OpenGL-master\Football-Game-with-OpenGL-master\Football Game\main.cpp(732,39): warning C4101: 'rotateMatrix': unreferenced local variable
D:\Football-Game-with-OpenGL-master\Football-Game-with-OpenGL-master\Football Game\main.cpp(797,46): warning C4244: 'argument': conversion from 'double' to 'float', possible loss of data
  Project2.vcxproj -> D:\Football-Game-with-OpenGL-master\Football-Game-with-OpenGL-master\Football Game\x64\Debug\Project2.exe
